{"contracts/ISimpleSwap.sol":{"l":{},"path":"/Users/ez/Documents/eth-kipu-tp4/contracts/ISimpleSwap.sol","s":{},"b":{},"f":{},"fnMap":{},"statementMap":{},"branchMap":{}},"contracts/SimpleSwap.sol":{"l":{"27":11,"28":11,"46":8,"47":8,"50":8,"51":3,"52":3,"54":5,"55":5,"59":8,"79":8,"86":8,"88":6,"89":6,"93":8,"95":7,"96":7,"99":1,"101":1,"102":1,"103":1,"104":1,"106":0,"111":0,"112":0,"113":0,"114":0,"119":8,"120":8,"123":8,"124":8,"127":8,"128":8,"130":7,"133":1,"139":8,"142":8,"144":8,"146":8,"165":1,"172":1,"174":1,"178":1,"179":1,"180":1,"182":1,"183":1,"186":1,"189":1,"190":1,"193":1,"194":1,"196":1,"198":1,"215":2,"216":2,"222":2,"223":2,"226":2,"229":2,"230":2,"233":2,"234":2,"236":2,"239":2,"242":2,"243":0,"244":0,"246":2,"247":2,"251":2,"253":2,"255":2,"264":1,"270":1,"273":1,"274":0,"276":1,"286":5,"287":5,"294":5,"295":5,"296":5,"298":5,"307":6,"313":6,"314":1,"316":5,"331":1,"332":1,"333":1,"334":1,"343":1,"351":7,"352":7,"353":7,"354":7,"355":510,"356":510,"359":0},"path":"/Users/ez/Documents/eth-kipu-tp4/contracts/SimpleSwap.sol","s":{"1":11,"2":8,"3":8,"4":8,"5":8,"6":8,"7":8,"8":8,"9":1,"10":1,"11":1,"12":0,"13":0,"14":0,"15":8,"16":8,"17":8,"18":8,"19":8,"20":8,"21":8,"22":8,"23":1,"24":1,"25":1,"26":1,"27":1,"28":1,"29":1,"30":1,"31":1,"32":1,"33":2,"34":2,"35":2,"36":2,"37":2,"38":2,"39":2,"40":2,"41":2,"42":2,"43":2,"44":2,"45":1,"46":1,"47":1,"48":0,"49":1,"50":5,"51":5,"52":5,"53":5,"54":5,"55":6,"56":6,"57":1,"58":5,"59":1,"60":1,"61":1,"62":7,"63":7,"64":7,"65":0},"b":{"1":[11,0],"2":[8,0],"3":[8,0],"4":[3,5],"5":[8,0],"6":[8,0],"7":[2,6],"8":[6,2],"9":[7,1],"10":[1,0],"11":[1,0],"12":[0,0],"13":[0,0],"14":[7,1],"15":[8,0],"16":[1,0],"17":[1,0],"18":[0,1],"19":[1,0],"20":[1,0],"21":[1,0],"22":[2,0],"23":[2,0],"24":[2,0],"25":[0,2],"26":[0,2],"27":[0,2],"28":[2,0],"29":[0,2],"30":[1,0],"31":[0,1],"32":[1,0],"33":[0,1],"34":[5,0],"35":[5,0],"36":[6,0],"37":[1,5],"38":[1,5],"39":[1,0],"40":[1,0],"41":[0,1],"42":[7,0],"43":[0,0]},"f":{"1":11,"2":8,"3":8,"4":1,"5":2,"6":1,"7":5,"8":6,"9":1,"10":1,"11":7},"fnMap":{"1":{"name":"ensureDeadline","line":26,"loc":{"start":{"line":26,"column":4},"end":{"line":29,"column":4}}},"2":{"name":"constructor","line":45,"loc":{"start":{"line":45,"column":4},"end":{"line":60,"column":4}}},"3":{"name":"addLiquidity","line":75,"loc":{"start":{"line":63,"column":4},"end":{"line":147,"column":4}}},"4":{"name":"removeLiquidity","line":161,"loc":{"start":{"line":150,"column":4},"end":{"line":199,"column":4}}},"5":{"name":"swapExactTokensForTokens","line":211,"loc":{"start":{"line":202,"column":4},"end":{"line":256,"column":4}}},"6":{"name":"getPrice","line":259,"loc":{"start":{"line":259,"column":4},"end":{"line":278,"column":4}}},"7":{"name":"getAmountOut","line":281,"loc":{"start":{"line":281,"column":4},"end":{"line":299,"column":4}}},"8":{"name":"getReserves","line":302,"loc":{"start":{"line":302,"column":4},"end":{"line":318,"column":4}}},"9":{"name":"quote","line":326,"loc":{"start":{"line":326,"column":4},"end":{"line":335,"column":4}}},"10":{"name":"min","line":342,"loc":{"start":{"line":342,"column":4},"end":{"line":344,"column":4}}},"11":{"name":"sqrt","line":350,"loc":{"start":{"line":350,"column":4},"end":{"line":361,"column":4}}}},"statementMap":{"1":{"start":{"line":27,"column":8},"end":{"line":27,"column":54}},"2":{"start":{"line":46,"column":8},"end":{"line":46,"column":78}},"3":{"start":{"line":47,"column":8},"end":{"line":47,"column":52}},"4":{"start":{"line":50,"column":8},"end":{"line":50,"column":2088}},"5":{"start":{"line":59,"column":8},"end":{"line":59,"column":55}},"6":{"start":{"line":79,"column":8},"end":{"line":79,"column":2832}},"7":{"start":{"line":86,"column":8},"end":{"line":86,"column":3047}},"8":{"start":{"line":93,"column":8},"end":{"line":93,"column":3341}},"9":{"start":{"line":99,"column":12},"end":{"line":99,"column":78}},"10":{"start":{"line":101,"column":12},"end":{"line":101,"column":3664}},"11":{"start":{"line":102,"column":16},"end":{"line":102,"column":70}},"12":{"start":{"line":106,"column":16},"end":{"line":106,"column":3903}},"13":{"start":{"line":111,"column":16},"end":{"line":111,"column":75}},"14":{"start":{"line":112,"column":16},"end":{"line":112,"column":70}},"15":{"start":{"line":119,"column":8},"end":{"line":119,"column":70}},"16":{"start":{"line":120,"column":8},"end":{"line":120,"column":70}},"17":{"start":{"line":127,"column":8},"end":{"line":127,"column":43}},"18":{"start":{"line":128,"column":8},"end":{"line":128,"column":4664}},"19":{"start":{"line":139,"column":8},"end":{"line":139,"column":45}},"20":{"start":{"line":142,"column":8},"end":{"line":142,"column":27}},"21":{"start":{"line":144,"column":8},"end":{"line":144,"column":72}},"22":{"start":{"line":146,"column":8},"end":{"line":146,"column":44}},"23":{"start":{"line":165,"column":8},"end":{"line":165,"column":5662}},"24":{"start":{"line":172,"column":8},"end":{"line":172,"column":5885}},"25":{"start":{"line":178,"column":8},"end":{"line":178,"column":43}},"26":{"start":{"line":182,"column":8},"end":{"line":182,"column":55}},"27":{"start":{"line":183,"column":8},"end":{"line":183,"column":55}},"28":{"start":{"line":186,"column":8},"end":{"line":186,"column":35}},"29":{"start":{"line":193,"column":8},"end":{"line":193,"column":43}},"30":{"start":{"line":194,"column":8},"end":{"line":194,"column":43}},"31":{"start":{"line":196,"column":8},"end":{"line":196,"column":74}},"32":{"start":{"line":198,"column":8},"end":{"line":198,"column":33}},"33":{"start":{"line":215,"column":8},"end":{"line":215,"column":55}},"34":{"start":{"line":216,"column":8},"end":{"line":216,"column":7247}},"35":{"start":{"line":226,"column":8},"end":{"line":226,"column":44}},"36":{"start":{"line":229,"column":8},"end":{"line":229,"column":61}},"37":{"start":{"line":230,"column":8},"end":{"line":230,"column":62}},"38":{"start":{"line":233,"column":8},"end":{"line":233,"column":73}},"39":{"start":{"line":236,"column":8},"end":{"line":236,"column":61}},"40":{"start":{"line":239,"column":8},"end":{"line":239,"column":72}},"41":{"start":{"line":242,"column":8},"end":{"line":242,"column":8114}},"42":{"start":{"line":251,"column":8},"end":{"line":251,"column":46}},"43":{"start":{"line":253,"column":8},"end":{"line":253,"column":56}},"44":{"start":{"line":255,"column":8},"end":{"line":255,"column":22}},"45":{"start":{"line":264,"column":8},"end":{"line":264,"column":8692}},"46":{"start":{"line":270,"column":8},"end":{"line":270,"column":60}},"47":{"start":{"line":273,"column":8},"end":{"line":273,"column":8974}},"48":{"start":{"line":274,"column":12},"end":{"line":274,"column":47}},"49":{"start":{"line":276,"column":12},"end":{"line":276,"column":47}},"50":{"start":{"line":286,"column":8},"end":{"line":286,"column":47}},"51":{"start":{"line":287,"column":8},"end":{"line":287,"column":63}},"52":{"start":{"line":294,"column":8},"end":{"line":294,"column":49}},"53":{"start":{"line":295,"column":8},"end":{"line":295,"column":50}},"54":{"start":{"line":298,"column":8},"end":{"line":298,"column":24}},"55":{"start":{"line":307,"column":8},"end":{"line":307,"column":10169}},"56":{"start":{"line":313,"column":8},"end":{"line":313,"column":10339}},"57":{"start":{"line":314,"column":12},"end":{"line":314,"column":39}},"58":{"start":{"line":316,"column":12},"end":{"line":316,"column":39}},"59":{"start":{"line":331,"column":8},"end":{"line":331,"column":47}},"60":{"start":{"line":332,"column":8},"end":{"line":332,"column":62}},"61":{"start":{"line":334,"column":8},"end":{"line":334,"column":22}},"62":{"start":{"line":351,"column":8},"end":{"line":351,"column":11798}},"63":{"start":{"line":353,"column":12},"end":{"line":353,"column":33}},"64":{"start":{"line":354,"column":12},"end":{"line":354,"column":11881}},"65":{"start":{"line":358,"column":15},"end":{"line":358,"column":11982}}},"branchMap":{"1":{"line":27,"type":"if","locations":[{"start":{"line":27,"column":8},"end":{"line":27,"column":8}},{"start":{"line":27,"column":8},"end":{"line":27,"column":8}}]},"2":{"line":46,"type":"if","locations":[{"start":{"line":46,"column":8},"end":{"line":46,"column":8}},{"start":{"line":46,"column":8},"end":{"line":46,"column":8}}]},"3":{"line":47,"type":"if","locations":[{"start":{"line":47,"column":8},"end":{"line":47,"column":8}},{"start":{"line":47,"column":8},"end":{"line":47,"column":8}}]},"4":{"line":50,"type":"if","locations":[{"start":{"line":50,"column":8},"end":{"line":50,"column":8}},{"start":{"line":50,"column":8},"end":{"line":50,"column":8}}]},"5":{"line":75,"type":"if","locations":[{"start":{"line":75,"column":8},"end":{"line":75,"column":8}},{"start":{"line":75,"column":8},"end":{"line":75,"column":8}}]},"6":{"line":79,"type":"if","locations":[{"start":{"line":79,"column":8},"end":{"line":79,"column":8}},{"start":{"line":79,"column":8},"end":{"line":79,"column":8}}]},"7":{"line":80,"type":"cond-expr","locations":[{"start":{"line":80,"column":12},"end":{"line":80,"column":51}},{"start":{"line":81,"column":16},"end":{"line":81,"column":55}}]},"8":{"line":86,"type":"if","locations":[{"start":{"line":86,"column":8},"end":{"line":86,"column":8}},{"start":{"line":86,"column":8},"end":{"line":86,"column":8}}]},"9":{"line":93,"type":"if","locations":[{"start":{"line":93,"column":8},"end":{"line":93,"column":8}},{"start":{"line":93,"column":8},"end":{"line":93,"column":8}}]},"10":{"line":101,"type":"if","locations":[{"start":{"line":101,"column":12},"end":{"line":101,"column":12}},{"start":{"line":101,"column":12},"end":{"line":101,"column":12}}]},"11":{"line":102,"type":"if","locations":[{"start":{"line":102,"column":16},"end":{"line":102,"column":16}},{"start":{"line":102,"column":16},"end":{"line":102,"column":16}}]},"12":{"line":111,"type":"if","locations":[{"start":{"line":111,"column":16},"end":{"line":111,"column":16}},{"start":{"line":111,"column":16},"end":{"line":111,"column":16}}]},"13":{"line":112,"type":"if","locations":[{"start":{"line":112,"column":16},"end":{"line":112,"column":16}},{"start":{"line":112,"column":16},"end":{"line":112,"column":16}}]},"14":{"line":128,"type":"if","locations":[{"start":{"line":128,"column":8},"end":{"line":128,"column":8}},{"start":{"line":128,"column":8},"end":{"line":128,"column":8}}]},"15":{"line":139,"type":"if","locations":[{"start":{"line":139,"column":8},"end":{"line":139,"column":8}},{"start":{"line":139,"column":8},"end":{"line":139,"column":8}}]},"16":{"line":161,"type":"if","locations":[{"start":{"line":161,"column":8},"end":{"line":161,"column":8}},{"start":{"line":161,"column":8},"end":{"line":161,"column":8}}]},"17":{"line":165,"type":"if","locations":[{"start":{"line":165,"column":8},"end":{"line":165,"column":8}},{"start":{"line":165,"column":8},"end":{"line":165,"column":8}}]},"18":{"line":166,"type":"cond-expr","locations":[{"start":{"line":166,"column":12},"end":{"line":166,"column":51}},{"start":{"line":167,"column":16},"end":{"line":167,"column":55}}]},"19":{"line":172,"type":"if","locations":[{"start":{"line":172,"column":8},"end":{"line":172,"column":8}},{"start":{"line":172,"column":8},"end":{"line":172,"column":8}}]},"20":{"line":182,"type":"if","locations":[{"start":{"line":182,"column":8},"end":{"line":182,"column":8}},{"start":{"line":182,"column":8},"end":{"line":182,"column":8}}]},"21":{"line":183,"type":"if","locations":[{"start":{"line":183,"column":8},"end":{"line":183,"column":8}},{"start":{"line":183,"column":8},"end":{"line":183,"column":8}}]},"22":{"line":211,"type":"if","locations":[{"start":{"line":211,"column":8},"end":{"line":211,"column":8}},{"start":{"line":211,"column":8},"end":{"line":211,"column":8}}]},"23":{"line":215,"type":"if","locations":[{"start":{"line":215,"column":8},"end":{"line":215,"column":8}},{"start":{"line":215,"column":8},"end":{"line":215,"column":8}}]},"24":{"line":216,"type":"if","locations":[{"start":{"line":216,"column":8},"end":{"line":216,"column":8}},{"start":{"line":216,"column":8},"end":{"line":216,"column":8}}]},"25":{"line":217,"type":"cond-expr","locations":[{"start":{"line":217,"column":12},"end":{"line":217,"column":51}},{"start":{"line":218,"column":16},"end":{"line":218,"column":55}}]},"26":{"line":229,"type":"if","locations":[{"start":{"line":229,"column":42},"end":{"line":229,"column":49}},{"start":{"line":229,"column":53},"end":{"line":229,"column":60}}]},"27":{"line":230,"type":"if","locations":[{"start":{"line":230,"column":43},"end":{"line":230,"column":50}},{"start":{"line":230,"column":54},"end":{"line":230,"column":61}}]},"28":{"line":236,"type":"if","locations":[{"start":{"line":236,"column":8},"end":{"line":236,"column":8}},{"start":{"line":236,"column":8},"end":{"line":236,"column":8}}]},"29":{"line":242,"type":"if","locations":[{"start":{"line":242,"column":8},"end":{"line":242,"column":8}},{"start":{"line":242,"column":8},"end":{"line":242,"column":8}}]},"30":{"line":264,"type":"if","locations":[{"start":{"line":264,"column":8},"end":{"line":264,"column":8}},{"start":{"line":264,"column":8},"end":{"line":264,"column":8}}]},"31":{"line":265,"type":"cond-expr","locations":[{"start":{"line":265,"column":12},"end":{"line":265,"column":51}},{"start":{"line":266,"column":16},"end":{"line":266,"column":55}}]},"32":{"line":270,"type":"if","locations":[{"start":{"line":270,"column":8},"end":{"line":270,"column":8}},{"start":{"line":270,"column":8},"end":{"line":270,"column":8}}]},"33":{"line":273,"type":"if","locations":[{"start":{"line":273,"column":8},"end":{"line":273,"column":8}},{"start":{"line":273,"column":8},"end":{"line":273,"column":8}}]},"34":{"line":286,"type":"if","locations":[{"start":{"line":286,"column":8},"end":{"line":286,"column":8}},{"start":{"line":286,"column":8},"end":{"line":286,"column":8}}]},"35":{"line":287,"type":"if","locations":[{"start":{"line":287,"column":8},"end":{"line":287,"column":8}},{"start":{"line":287,"column":8},"end":{"line":287,"column":8}}]},"36":{"line":307,"type":"if","locations":[{"start":{"line":307,"column":8},"end":{"line":307,"column":8}},{"start":{"line":307,"column":8},"end":{"line":307,"column":8}}]},"37":{"line":308,"type":"cond-expr","locations":[{"start":{"line":308,"column":12},"end":{"line":308,"column":51}},{"start":{"line":309,"column":16},"end":{"line":309,"column":55}}]},"38":{"line":313,"type":"if","locations":[{"start":{"line":313,"column":8},"end":{"line":313,"column":8}},{"start":{"line":313,"column":8},"end":{"line":313,"column":8}}]},"39":{"line":331,"type":"if","locations":[{"start":{"line":331,"column":8},"end":{"line":331,"column":8}},{"start":{"line":331,"column":8},"end":{"line":331,"column":8}}]},"40":{"line":332,"type":"if","locations":[{"start":{"line":332,"column":8},"end":{"line":332,"column":8}},{"start":{"line":332,"column":8},"end":{"line":332,"column":8}}]},"41":{"line":343,"type":"if","locations":[{"start":{"line":343,"column":20},"end":{"line":343,"column":20}},{"start":{"line":343,"column":24},"end":{"line":343,"column":24}}]},"42":{"line":351,"type":"if","locations":[{"start":{"line":351,"column":8},"end":{"line":351,"column":8}},{"start":{"line":351,"column":8},"end":{"line":351,"column":8}}]},"43":{"line":358,"type":"if","locations":[{"start":{"line":358,"column":15},"end":{"line":358,"column":15}},{"start":{"line":358,"column":15},"end":{"line":358,"column":15}}]}}},"contracts/TestERC20.sol":{"l":{"19":16},"path":"/Users/ez/Documents/eth-kipu-tp4/contracts/TestERC20.sol","s":{"1":16},"b":{},"f":{"1":16},"fnMap":{"1":{"name":"constructor","line":18,"loc":{"start":{"line":14,"column":4},"end":{"line":20,"column":4}}}},"statementMap":{"1":{"start":{"line":19,"column":8},"end":{"line":19,"column":39}}},"branchMap":{}}}