{"contracts/ISimpleSwap.sol":{"l":{},"path":"/Users/ez/Documents/eth-kipu-tp4/contracts/ISimpleSwap.sol","s":{},"b":{},"f":{},"fnMap":{},"statementMap":{},"branchMap":{}},"contracts/SimpleSwap.sol":{"l":{"27":11,"28":11,"46":8,"47":8,"50":8,"51":3,"52":3,"54":5,"55":5,"59":8,"79":8,"86":8,"88":6,"89":6,"93":8,"94":8,"97":8,"98":7,"99":7,"101":1,"103":1,"104":1,"105":1,"106":1,"108":0,"113":0,"114":0,"115":0,"116":0,"121":8,"122":8,"123":8,"124":8,"127":8,"128":8,"129":8,"132":8,"133":8,"135":7,"138":1,"144":8,"147":8,"149":8,"151":8,"170":1,"177":1,"179":1,"183":1,"184":1,"185":1,"188":1,"189":1,"191":1,"192":1,"195":1,"198":1,"199":1,"202":1,"203":1,"205":1,"207":1,"223":2,"224":2,"230":2,"231":2,"232":2,"234":2,"235":0,"236":0,"238":2,"239":2,"242":2,"243":2,"244":2,"246":2,"249":2,"250":2,"253":2,"254":0,"255":0,"257":2,"258":2,"262":2,"263":2,"265":2,"267":2,"276":1,"282":1,"283":1,"284":1,"286":1,"287":0,"289":1,"299":5,"300":5,"307":5,"308":5,"309":5,"311":5,"320":8,"326":8,"327":1,"329":7,"344":1,"345":1,"346":1,"347":1,"356":1,"364":7,"365":7,"366":7,"367":7,"368":510,"369":510,"372":0},"path":"/Users/ez/Documents/eth-kipu-tp4/contracts/SimpleSwap.sol","s":{"1":11,"2":8,"3":8,"4":8,"5":8,"6":8,"7":8,"8":8,"9":8,"10":8,"11":1,"12":1,"13":1,"14":0,"15":0,"16":0,"17":8,"18":8,"19":8,"20":8,"21":8,"22":8,"23":8,"24":8,"25":8,"26":8,"27":8,"28":1,"29":1,"30":1,"31":1,"32":1,"33":1,"34":1,"35":1,"36":1,"37":1,"38":1,"39":1,"40":2,"41":2,"42":2,"43":2,"44":2,"45":2,"46":2,"47":2,"48":2,"49":2,"50":2,"51":2,"52":2,"53":2,"54":1,"55":1,"56":1,"57":1,"58":1,"59":0,"60":1,"61":5,"62":5,"63":5,"64":5,"65":5,"66":8,"67":8,"68":1,"69":7,"70":1,"71":1,"72":1,"73":7,"74":7,"75":7,"76":0},"b":{"1":[11,0],"2":[8,0],"3":[8,0],"4":[3,5],"5":[8,0],"6":[8,0],"7":[2,6],"8":[6,2],"9":[7,1],"10":[1,0],"11":[1,0],"12":[0,0],"13":[0,0],"14":[7,1],"15":[8,0],"16":[1,0],"17":[1,0],"18":[0,1],"19":[1,0],"20":[1,0],"21":[1,0],"22":[2,0],"23":[2,0],"24":[2,0],"25":[0,2],"26":[0,2],"27":[2,0],"28":[0,2],"29":[1,0],"30":[0,1],"31":[1,0],"32":[0,1],"33":[5,0],"34":[5,0],"35":[8,0],"36":[1,7],"37":[1,7],"38":[1,0],"39":[1,0],"40":[0,1],"41":[7,0],"42":[0,0]},"f":{"1":11,"2":8,"3":8,"4":1,"5":2,"6":1,"7":5,"8":8,"9":1,"10":1,"11":7},"fnMap":{"1":{"name":"ensureDeadline","line":26,"loc":{"start":{"line":26,"column":4},"end":{"line":29,"column":4}}},"2":{"name":"constructor","line":45,"loc":{"start":{"line":45,"column":4},"end":{"line":60,"column":4}}},"3":{"name":"addLiquidity","line":75,"loc":{"start":{"line":63,"column":4},"end":{"line":152,"column":4}}},"4":{"name":"removeLiquidity","line":166,"loc":{"start":{"line":155,"column":4},"end":{"line":208,"column":4}}},"5":{"name":"swapExactTokensForTokens","line":220,"loc":{"start":{"line":211,"column":4},"end":{"line":268,"column":4}}},"6":{"name":"getPrice","line":271,"loc":{"start":{"line":271,"column":4},"end":{"line":291,"column":4}}},"7":{"name":"getAmountOut","line":294,"loc":{"start":{"line":294,"column":4},"end":{"line":312,"column":4}}},"8":{"name":"getReserves","line":315,"loc":{"start":{"line":315,"column":4},"end":{"line":331,"column":4}}},"9":{"name":"quote","line":339,"loc":{"start":{"line":339,"column":4},"end":{"line":348,"column":4}}},"10":{"name":"min","line":355,"loc":{"start":{"line":355,"column":4},"end":{"line":357,"column":4}}},"11":{"name":"sqrt","line":363,"loc":{"start":{"line":363,"column":4},"end":{"line":374,"column":4}}}},"statementMap":{"1":{"start":{"line":27,"column":8},"end":{"line":27,"column":54}},"2":{"start":{"line":46,"column":8},"end":{"line":46,"column":78}},"3":{"start":{"line":47,"column":8},"end":{"line":47,"column":52}},"4":{"start":{"line":50,"column":8},"end":{"line":50,"column":2088}},"5":{"start":{"line":59,"column":8},"end":{"line":59,"column":55}},"6":{"start":{"line":79,"column":8},"end":{"line":79,"column":2832}},"7":{"start":{"line":86,"column":8},"end":{"line":86,"column":3047}},"8":{"start":{"line":93,"column":8},"end":{"line":93,"column":36}},"9":{"start":{"line":94,"column":8},"end":{"line":94,"column":36}},"10":{"start":{"line":97,"column":8},"end":{"line":97,"column":3458}},"11":{"start":{"line":101,"column":12},"end":{"line":101,"column":80}},"12":{"start":{"line":103,"column":12},"end":{"line":103,"column":3690}},"13":{"start":{"line":104,"column":16},"end":{"line":104,"column":70}},"14":{"start":{"line":108,"column":16},"end":{"line":108,"column":3929}},"15":{"start":{"line":113,"column":16},"end":{"line":113,"column":75}},"16":{"start":{"line":114,"column":16},"end":{"line":114,"column":70}},"17":{"start":{"line":121,"column":8},"end":{"line":121,"column":70}},"18":{"start":{"line":122,"column":8},"end":{"line":122,"column":70}},"19":{"start":{"line":123,"column":8},"end":{"line":123,"column":63}},"20":{"start":{"line":124,"column":8},"end":{"line":124,"column":63}},"21":{"start":{"line":129,"column":8},"end":{"line":129,"column":37}},"22":{"start":{"line":132,"column":8},"end":{"line":132,"column":43}},"23":{"start":{"line":133,"column":8},"end":{"line":133,"column":4861}},"24":{"start":{"line":144,"column":8},"end":{"line":144,"column":45}},"25":{"start":{"line":147,"column":8},"end":{"line":147,"column":27}},"26":{"start":{"line":149,"column":8},"end":{"line":149,"column":72}},"27":{"start":{"line":151,"column":8},"end":{"line":151,"column":44}},"28":{"start":{"line":170,"column":8},"end":{"line":170,"column":5859}},"29":{"start":{"line":177,"column":8},"end":{"line":177,"column":6082}},"30":{"start":{"line":183,"column":8},"end":{"line":183,"column":44}},"31":{"start":{"line":184,"column":8},"end":{"line":184,"column":36}},"32":{"start":{"line":185,"column":8},"end":{"line":185,"column":36}},"33":{"start":{"line":191,"column":8},"end":{"line":191,"column":55}},"34":{"start":{"line":192,"column":8},"end":{"line":192,"column":55}},"35":{"start":{"line":195,"column":8},"end":{"line":195,"column":35}},"36":{"start":{"line":202,"column":8},"end":{"line":202,"column":43}},"37":{"start":{"line":203,"column":8},"end":{"line":203,"column":43}},"38":{"start":{"line":205,"column":8},"end":{"line":205,"column":74}},"39":{"start":{"line":207,"column":8},"end":{"line":207,"column":33}},"40":{"start":{"line":223,"column":8},"end":{"line":223,"column":55}},"41":{"start":{"line":224,"column":8},"end":{"line":224,"column":7536}},"42":{"start":{"line":230,"column":8},"end":{"line":230,"column":44}},"43":{"start":{"line":231,"column":8},"end":{"line":231,"column":26}},"44":{"start":{"line":232,"column":8},"end":{"line":232,"column":27}},"45":{"start":{"line":234,"column":8},"end":{"line":234,"column":7810}},"46":{"start":{"line":246,"column":8},"end":{"line":246,"column":62}},"47":{"start":{"line":249,"column":8},"end":{"line":249,"column":72}},"48":{"start":{"line":250,"column":8},"end":{"line":250,"column":64}},"49":{"start":{"line":253,"column":8},"end":{"line":253,"column":8424}},"50":{"start":{"line":262,"column":8},"end":{"line":262,"column":47}},"51":{"start":{"line":263,"column":8},"end":{"line":263,"column":58}},"52":{"start":{"line":265,"column":8},"end":{"line":265,"column":57}},"53":{"start":{"line":267,"column":8},"end":{"line":267,"column":22}},"54":{"start":{"line":276,"column":8},"end":{"line":276,"column":9066}},"55":{"start":{"line":282,"column":8},"end":{"line":282,"column":36}},"56":{"start":{"line":283,"column":8},"end":{"line":283,"column":36}},"57":{"start":{"line":284,"column":8},"end":{"line":284,"column":62}},"58":{"start":{"line":286,"column":8},"end":{"line":286,"column":9378}},"59":{"start":{"line":287,"column":12},"end":{"line":287,"column":49}},"60":{"start":{"line":289,"column":12},"end":{"line":289,"column":49}},"61":{"start":{"line":299,"column":8},"end":{"line":299,"column":47}},"62":{"start":{"line":300,"column":8},"end":{"line":300,"column":63}},"63":{"start":{"line":307,"column":8},"end":{"line":307,"column":49}},"64":{"start":{"line":308,"column":8},"end":{"line":308,"column":50}},"65":{"start":{"line":311,"column":8},"end":{"line":311,"column":24}},"66":{"start":{"line":320,"column":8},"end":{"line":320,"column":10525}},"67":{"start":{"line":326,"column":8},"end":{"line":326,"column":10695}},"68":{"start":{"line":327,"column":12},"end":{"line":327,"column":39}},"69":{"start":{"line":329,"column":12},"end":{"line":329,"column":39}},"70":{"start":{"line":344,"column":8},"end":{"line":344,"column":47}},"71":{"start":{"line":345,"column":8},"end":{"line":345,"column":62}},"72":{"start":{"line":347,"column":8},"end":{"line":347,"column":22}},"73":{"start":{"line":364,"column":8},"end":{"line":364,"column":12154}},"74":{"start":{"line":366,"column":12},"end":{"line":366,"column":33}},"75":{"start":{"line":367,"column":12},"end":{"line":367,"column":12237}},"76":{"start":{"line":371,"column":15},"end":{"line":371,"column":12338}}},"branchMap":{"1":{"line":27,"type":"if","locations":[{"start":{"line":27,"column":8},"end":{"line":27,"column":8}},{"start":{"line":27,"column":8},"end":{"line":27,"column":8}}]},"2":{"line":46,"type":"if","locations":[{"start":{"line":46,"column":8},"end":{"line":46,"column":8}},{"start":{"line":46,"column":8},"end":{"line":46,"column":8}}]},"3":{"line":47,"type":"if","locations":[{"start":{"line":47,"column":8},"end":{"line":47,"column":8}},{"start":{"line":47,"column":8},"end":{"line":47,"column":8}}]},"4":{"line":50,"type":"if","locations":[{"start":{"line":50,"column":8},"end":{"line":50,"column":8}},{"start":{"line":50,"column":8},"end":{"line":50,"column":8}}]},"5":{"line":75,"type":"if","locations":[{"start":{"line":75,"column":8},"end":{"line":75,"column":8}},{"start":{"line":75,"column":8},"end":{"line":75,"column":8}}]},"6":{"line":79,"type":"if","locations":[{"start":{"line":79,"column":8},"end":{"line":79,"column":8}},{"start":{"line":79,"column":8},"end":{"line":79,"column":8}}]},"7":{"line":80,"type":"cond-expr","locations":[{"start":{"line":80,"column":12},"end":{"line":80,"column":51}},{"start":{"line":81,"column":16},"end":{"line":81,"column":55}}]},"8":{"line":86,"type":"if","locations":[{"start":{"line":86,"column":8},"end":{"line":86,"column":8}},{"start":{"line":86,"column":8},"end":{"line":86,"column":8}}]},"9":{"line":97,"type":"if","locations":[{"start":{"line":97,"column":8},"end":{"line":97,"column":8}},{"start":{"line":97,"column":8},"end":{"line":97,"column":8}}]},"10":{"line":103,"type":"if","locations":[{"start":{"line":103,"column":12},"end":{"line":103,"column":12}},{"start":{"line":103,"column":12},"end":{"line":103,"column":12}}]},"11":{"line":104,"type":"if","locations":[{"start":{"line":104,"column":16},"end":{"line":104,"column":16}},{"start":{"line":104,"column":16},"end":{"line":104,"column":16}}]},"12":{"line":113,"type":"if","locations":[{"start":{"line":113,"column":16},"end":{"line":113,"column":16}},{"start":{"line":113,"column":16},"end":{"line":113,"column":16}}]},"13":{"line":114,"type":"if","locations":[{"start":{"line":114,"column":16},"end":{"line":114,"column":16}},{"start":{"line":114,"column":16},"end":{"line":114,"column":16}}]},"14":{"line":133,"type":"if","locations":[{"start":{"line":133,"column":8},"end":{"line":133,"column":8}},{"start":{"line":133,"column":8},"end":{"line":133,"column":8}}]},"15":{"line":144,"type":"if","locations":[{"start":{"line":144,"column":8},"end":{"line":144,"column":8}},{"start":{"line":144,"column":8},"end":{"line":144,"column":8}}]},"16":{"line":166,"type":"if","locations":[{"start":{"line":166,"column":8},"end":{"line":166,"column":8}},{"start":{"line":166,"column":8},"end":{"line":166,"column":8}}]},"17":{"line":170,"type":"if","locations":[{"start":{"line":170,"column":8},"end":{"line":170,"column":8}},{"start":{"line":170,"column":8},"end":{"line":170,"column":8}}]},"18":{"line":171,"type":"cond-expr","locations":[{"start":{"line":171,"column":12},"end":{"line":171,"column":51}},{"start":{"line":172,"column":16},"end":{"line":172,"column":55}}]},"19":{"line":177,"type":"if","locations":[{"start":{"line":177,"column":8},"end":{"line":177,"column":8}},{"start":{"line":177,"column":8},"end":{"line":177,"column":8}}]},"20":{"line":191,"type":"if","locations":[{"start":{"line":191,"column":8},"end":{"line":191,"column":8}},{"start":{"line":191,"column":8},"end":{"line":191,"column":8}}]},"21":{"line":192,"type":"if","locations":[{"start":{"line":192,"column":8},"end":{"line":192,"column":8}},{"start":{"line":192,"column":8},"end":{"line":192,"column":8}}]},"22":{"line":220,"type":"if","locations":[{"start":{"line":220,"column":8},"end":{"line":220,"column":8}},{"start":{"line":220,"column":8},"end":{"line":220,"column":8}}]},"23":{"line":223,"type":"if","locations":[{"start":{"line":223,"column":8},"end":{"line":223,"column":8}},{"start":{"line":223,"column":8},"end":{"line":223,"column":8}}]},"24":{"line":224,"type":"if","locations":[{"start":{"line":224,"column":8},"end":{"line":224,"column":8}},{"start":{"line":224,"column":8},"end":{"line":224,"column":8}}]},"25":{"line":225,"type":"cond-expr","locations":[{"start":{"line":225,"column":12},"end":{"line":225,"column":51}},{"start":{"line":226,"column":16},"end":{"line":226,"column":55}}]},"26":{"line":234,"type":"if","locations":[{"start":{"line":234,"column":8},"end":{"line":234,"column":8}},{"start":{"line":234,"column":8},"end":{"line":234,"column":8}}]},"27":{"line":246,"type":"if","locations":[{"start":{"line":246,"column":8},"end":{"line":246,"column":8}},{"start":{"line":246,"column":8},"end":{"line":246,"column":8}}]},"28":{"line":253,"type":"if","locations":[{"start":{"line":253,"column":8},"end":{"line":253,"column":8}},{"start":{"line":253,"column":8},"end":{"line":253,"column":8}}]},"29":{"line":276,"type":"if","locations":[{"start":{"line":276,"column":8},"end":{"line":276,"column":8}},{"start":{"line":276,"column":8},"end":{"line":276,"column":8}}]},"30":{"line":277,"type":"cond-expr","locations":[{"start":{"line":277,"column":12},"end":{"line":277,"column":51}},{"start":{"line":278,"column":16},"end":{"line":278,"column":55}}]},"31":{"line":284,"type":"if","locations":[{"start":{"line":284,"column":8},"end":{"line":284,"column":8}},{"start":{"line":284,"column":8},"end":{"line":284,"column":8}}]},"32":{"line":286,"type":"if","locations":[{"start":{"line":286,"column":8},"end":{"line":286,"column":8}},{"start":{"line":286,"column":8},"end":{"line":286,"column":8}}]},"33":{"line":299,"type":"if","locations":[{"start":{"line":299,"column":8},"end":{"line":299,"column":8}},{"start":{"line":299,"column":8},"end":{"line":299,"column":8}}]},"34":{"line":300,"type":"if","locations":[{"start":{"line":300,"column":8},"end":{"line":300,"column":8}},{"start":{"line":300,"column":8},"end":{"line":300,"column":8}}]},"35":{"line":320,"type":"if","locations":[{"start":{"line":320,"column":8},"end":{"line":320,"column":8}},{"start":{"line":320,"column":8},"end":{"line":320,"column":8}}]},"36":{"line":321,"type":"cond-expr","locations":[{"start":{"line":321,"column":12},"end":{"line":321,"column":51}},{"start":{"line":322,"column":16},"end":{"line":322,"column":55}}]},"37":{"line":326,"type":"if","locations":[{"start":{"line":326,"column":8},"end":{"line":326,"column":8}},{"start":{"line":326,"column":8},"end":{"line":326,"column":8}}]},"38":{"line":344,"type":"if","locations":[{"start":{"line":344,"column":8},"end":{"line":344,"column":8}},{"start":{"line":344,"column":8},"end":{"line":344,"column":8}}]},"39":{"line":345,"type":"if","locations":[{"start":{"line":345,"column":8},"end":{"line":345,"column":8}},{"start":{"line":345,"column":8},"end":{"line":345,"column":8}}]},"40":{"line":356,"type":"if","locations":[{"start":{"line":356,"column":20},"end":{"line":356,"column":20}},{"start":{"line":356,"column":24},"end":{"line":356,"column":24}}]},"41":{"line":364,"type":"if","locations":[{"start":{"line":364,"column":8},"end":{"line":364,"column":8}},{"start":{"line":364,"column":8},"end":{"line":364,"column":8}}]},"42":{"line":371,"type":"if","locations":[{"start":{"line":371,"column":15},"end":{"line":371,"column":15}},{"start":{"line":371,"column":15},"end":{"line":371,"column":15}}]}}},"contracts/TestERC20.sol":{"l":{"19":16},"path":"/Users/ez/Documents/eth-kipu-tp4/contracts/TestERC20.sol","s":{"1":16},"b":{},"f":{"1":16},"fnMap":{"1":{"name":"constructor","line":18,"loc":{"start":{"line":14,"column":4},"end":{"line":20,"column":4}}}},"statementMap":{"1":{"start":{"line":19,"column":8},"end":{"line":19,"column":39}}},"branchMap":{}}}